Arguments: 
  /usr/local/bin/node /Users/robertfaso/.yarn/bin/yarn.js install

PATH: 
  /Users/robertfaso/.yarn/bin:/Applications/Postgres.app/Contents/Versions/latest/bin:/usr/bin:/bin:/usr/sbin:/sbin:/usr/local/bin:/Applications/Postgres.app/Contents/Versions/latest/bin

Yarn version: 
  0.19.1

Node version: 
  6.9.4

Platform: 
  darwin x64

npm manifest: 
  {
    "scripts": {
      "serve": "nodemon server.js"
    },
    "dependencies": {
      "bcrypt": "^1.0.2",
      "body-parser": "^1.17.0",
      "express": "^4.15.0",
      "faker": "^4.1.0",
      "knex": "^0.12.7",
      "moment": "^2.17.1",
      "multer": "^1.3.0",
      "nodemon": "^1.11.0",
      "pg": "^6.1.2",
      "shortid": "^2.2.8"
    }
  }

yarn manifest: 
  No manifest

Lockfile: 
  No lockfile

Trace: 
  Error: EACCES: permission denied, open '/Users/robertfaso/Library/Caches/Yarn/npm-pgpass-1.0.1-0de8b5bef993295d90a7e17d976f568dcd25d49f/test/_pgpass'
      at Error (native)
